Performing C SOURCE FILE Test HAVE___DECLSPEC_DLLEXPORT_ failed with the following output:
Change Dir: /home/dgalaktionov/Documents/trayectorias/new_shit/sais-2.4.1/CMakeFiles/CMakeTmp

Run Build Command:/usr/bin/make "cmTryCompileExec2520593760/fast"
/usr/bin/make -f CMakeFiles/cmTryCompileExec2520593760.dir/build.make CMakeFiles/cmTryCompileExec2520593760.dir/build
make[1]: Entering directory `/home/dgalaktionov/Documents/trayectorias/new_shit/sais-2.4.1/CMakeFiles/CMakeTmp'
/usr/bin/cmake -E cmake_progress_report /home/dgalaktionov/Documents/trayectorias/new_shit/sais-2.4.1/CMakeFiles/CMakeTmp/CMakeFiles 1
Building C object CMakeFiles/cmTryCompileExec2520593760.dir/src.c.o
/usr/bin/cc   -Wall -DHAVE___DECLSPEC_DLLEXPORT_   -o CMakeFiles/cmTryCompileExec2520593760.dir/src.c.o   -c /home/dgalaktionov/Documents/trayectorias/new_shit/sais-2.4.1/CMakeFiles/CMakeTmp/src.c
/home/dgalaktionov/Documents/trayectorias/new_shit/sais-2.4.1/CMakeFiles/CMakeTmp/src.c:1:1: warning: return type defaults to ‘int’ [-Wreturn-type]
 __declspec(dllexport) void func(); void func() { } int main() { func(); return 0; }
 ^
/home/dgalaktionov/Documents/trayectorias/new_shit/sais-2.4.1/CMakeFiles/CMakeTmp/src.c: In function ‘__declspec’:
/home/dgalaktionov/Documents/trayectorias/new_shit/sais-2.4.1/CMakeFiles/CMakeTmp/src.c:1:48: error: expected ‘=’, ‘,’, ‘;’, ‘asm’ or ‘__attribute__’ before ‘{’ token
 __declspec(dllexport) void func(); void func() { } int main() { func(); return 0; }
                                                ^
/home/dgalaktionov/Documents/trayectorias/new_shit/sais-2.4.1/CMakeFiles/CMakeTmp/src.c:1:63: error: expected ‘=’, ‘,’, ‘;’, ‘asm’ or ‘__attribute__’ before ‘{’ token
 __declspec(dllexport) void func(); void func() { } int main() { func(); return 0; }
                                                               ^
/home/dgalaktionov/Documents/trayectorias/new_shit/sais-2.4.1/CMakeFiles/CMakeTmp/src.c:1:28: error: declaration for parameter ‘func’ but no such parameter
 __declspec(dllexport) void func(); void func() { } int main() { func(); return 0; }
                            ^
/home/dgalaktionov/Documents/trayectorias/new_shit/sais-2.4.1/CMakeFiles/CMakeTmp/src.c:1:63: error: expected ‘{’ at end of input
 __declspec(dllexport) void func(); void func() { } int main() { func(); return 0; }
                                                               ^
/home/dgalaktionov/Documents/trayectorias/new_shit/sais-2.4.1/CMakeFiles/CMakeTmp/src.c:1:63: warning: control reaches end of non-void function [-Wreturn-type]
 __declspec(dllexport) void func(); void func() { } int main() { func(); return 0; }
                                                               ^
make[1]: *** [CMakeFiles/cmTryCompileExec2520593760.dir/src.c.o] Error 1
make[1]: Leaving directory `/home/dgalaktionov/Documents/trayectorias/new_shit/sais-2.4.1/CMakeFiles/CMakeTmp'
make: *** [cmTryCompileExec2520593760/fast] Error 2

Source file was:
__declspec(dllexport) void func(); void func() { } int main() { func(); return 0; }
Performing C SOURCE FILE Test HAVE___DECLSPEC_DLLIMPORT_ failed with the following output:
Change Dir: /home/dgalaktionov/Documents/trayectorias/new_shit/sais-2.4.1/CMakeFiles/CMakeTmp

Run Build Command:/usr/bin/make "cmTryCompileExec3383585715/fast"
/usr/bin/make -f CMakeFiles/cmTryCompileExec3383585715.dir/build.make CMakeFiles/cmTryCompileExec3383585715.dir/build
make[1]: Entering directory `/home/dgalaktionov/Documents/trayectorias/new_shit/sais-2.4.1/CMakeFiles/CMakeTmp'
/usr/bin/cmake -E cmake_progress_report /home/dgalaktionov/Documents/trayectorias/new_shit/sais-2.4.1/CMakeFiles/CMakeTmp/CMakeFiles 1
Building C object CMakeFiles/cmTryCompileExec3383585715.dir/src.c.o
/usr/bin/cc   -Wall -DHAVE___DECLSPEC_DLLIMPORT_   -o CMakeFiles/cmTryCompileExec3383585715.dir/src.c.o   -c /home/dgalaktionov/Documents/trayectorias/new_shit/sais-2.4.1/CMakeFiles/CMakeTmp/src.c
/home/dgalaktionov/Documents/trayectorias/new_shit/sais-2.4.1/CMakeFiles/CMakeTmp/src.c:1:1: warning: return type defaults to ‘int’ [-Wreturn-type]
 __declspec(dllimport) void func(); void func() { } int main() { func(); return 0; }
 ^
/home/dgalaktionov/Documents/trayectorias/new_shit/sais-2.4.1/CMakeFiles/CMakeTmp/src.c: In function ‘__declspec’:
/home/dgalaktionov/Documents/trayectorias/new_shit/sais-2.4.1/CMakeFiles/CMakeTmp/src.c:1:48: error: expected ‘=’, ‘,’, ‘;’, ‘asm’ or ‘__attribute__’ before ‘{’ token
 __declspec(dllimport) void func(); void func() { } int main() { func(); return 0; }
                                                ^
/home/dgalaktionov/Documents/trayectorias/new_shit/sais-2.4.1/CMakeFiles/CMakeTmp/src.c:1:63: error: expected ‘=’, ‘,’, ‘;’, ‘asm’ or ‘__attribute__’ before ‘{’ token
 __declspec(dllimport) void func(); void func() { } int main() { func(); return 0; }
                                                               ^
/home/dgalaktionov/Documents/trayectorias/new_shit/sais-2.4.1/CMakeFiles/CMakeTmp/src.c:1:28: error: declaration for parameter ‘func’ but no such parameter
 __declspec(dllimport) void func(); void func() { } int main() { func(); return 0; }
                            ^
/home/dgalaktionov/Documents/trayectorias/new_shit/sais-2.4.1/CMakeFiles/CMakeTmp/src.c:1:63: error: expected ‘{’ at end of input
 __declspec(dllimport) void func(); void func() { } int main() { func(); return 0; }
                                                               ^
/home/dgalaktionov/Documents/trayectorias/new_shit/sais-2.4.1/CMakeFiles/CMakeTmp/src.c:1:63: warning: control reaches end of non-void function [-Wreturn-type]
 __declspec(dllimport) void func(); void func() { } int main() { func(); return 0; }
                                                               ^
make[1]: *** [CMakeFiles/cmTryCompileExec3383585715.dir/src.c.o] Error 1
make[1]: Leaving directory `/home/dgalaktionov/Documents/trayectorias/new_shit/sais-2.4.1/CMakeFiles/CMakeTmp'
make: *** [cmTryCompileExec3383585715/fast] Error 2

Source file was:
__declspec(dllimport) void func(); void func() { } int main() { func(); return 0; }
